5/17/2017 1:26:57 PM, Info: Initializing SIMPLSharp Services...
5/17/2017 1:26:57 PM, Info: ProjectInfo successfully initialized.
5/17/2017 1:26:58 PM, Info: Commiting verification transaction...
5/17/2017 1:26:58 PM, Info: Saving project information...
5/17/2017 1:27:35 PM, Info: Initializing SIMPLSharp Services...
5/17/2017 1:27:35 PM, Info: ProjectInfo successfully initialized.
5/17/2017 1:27:36 PM, Info: Commiting verification transaction...
5/17/2017 1:27:36 PM, Info: Saving project information...
5/17/2017 1:29:10 PM, Info: Initializing SIMPLSharp Services...
5/17/2017 1:29:10 PM, Info: ProjectInfo successfully initialized.
5/17/2017 1:29:11 PM, Info: Commiting verification transaction...
5/17/2017 1:29:11 PM, Info: Saving project information...
5/17/2017 1:45:41 PM, Info: Initializing SIMPLSharp Services...
5/17/2017 1:45:41 PM, Info: ProjectInfo successfully initialized.
5/17/2017 1:45:42 PM, Info: Commiting verification transaction...
5/17/2017 1:45:42 PM, Info: Saving project information...
5/17/2017 1:56:43 PM, Info: Initializing SIMPLSharp Services...
5/17/2017 1:56:43 PM, Info: ProjectInfo successfully initialized.
5/17/2017 1:56:44 PM, Info: Commiting verification transaction...
5/17/2017 1:56:44 PM, Info: Saving project information...
5/17/2017 2:05:22 PM, Info: Initializing SIMPLSharp Services...
5/17/2017 2:05:22 PM, Info: ProjectInfo successfully initialized.
5/17/2017 2:05:23 PM, Info: Commiting verification transaction...
5/17/2017 2:05:23 PM, Info: Saving project information...
5/17/2017 2:13:27 PM, Info: Initializing SIMPLSharp Services...
5/17/2017 2:13:27 PM, Info: ProjectInfo successfully initialized.
5/17/2017 2:13:28 PM, Info: Commiting verification transaction...
5/17/2017 2:13:28 PM, Info: Saving project information...
5/17/2017 2:13:37 PM, Info: Initializing SIMPLSharp Services...
5/17/2017 2:13:37 PM, Info: ProjectInfo successfully initialized.
5/17/2017 2:13:38 PM, Info: Commiting verification transaction...
5/17/2017 2:13:38 PM, Info: Saving project information...
5/17/2017 2:29:20 PM, Info: Initializing SIMPLSharp Services...
5/17/2017 2:29:20 PM, Info: ProjectInfo successfully initialized.
5/17/2017 2:29:21 PM, Info: Commiting verification transaction...
5/17/2017 2:29:21 PM, Info: Saving project information...
5/17/2017 2:29:57 PM, Info: Initializing SIMPLSharp Services...
5/17/2017 2:29:57 PM, Info: ProjectInfo successfully initialized.
5/17/2017 2:29:58 PM, Info: Commiting verification transaction...
5/17/2017 2:29:58 PM, Info: Saving project information...
5/17/2017 2:30:25 PM, Info: Initializing SIMPLSharp Services...
5/17/2017 2:30:25 PM, Info: ProjectInfo successfully initialized.
5/17/2017 2:30:26 PM, Info: Commiting verification transaction...
5/17/2017 2:30:26 PM, Info: Saving project information...
5/17/2017 2:30:53 PM, Info: Terminating SIMPLSharp Services
5/17/2017 2:30:53 PM, Info: Saving project information...
5/17/2017 2:30:53 PM, Info: Terminating SIMPLSharp Services
5/17/2017 2:30:53 PM, Info: Saving project information...
5/17/2017 2:30:53 PM, Info: Terminating SIMPLSharp Services
5/17/2017 2:30:53 PM, Info: Saving project information...
5/17/2017 2:30:53 PM, Info: Terminating SIMPLSharp Services
5/17/2017 2:30:53 PM, Info: Saving project information...
5/17/2017 2:30:53 PM, Info: Terminating SIMPLSharp Services
5/17/2017 2:30:53 PM, Info: Saving project information...
5/17/2017 2:30:53 PM, Info: Terminating SIMPLSharp Services
5/17/2017 2:30:53 PM, Info: Saving project information...
5/17/2017 2:30:53 PM, Info: Terminating SIMPLSharp Services
5/17/2017 2:30:53 PM, Info: Saving project information...
5/17/2017 2:30:53 PM, Info: Terminating SIMPLSharp Services
5/17/2017 2:30:53 PM, Info: Saving project information...
5/17/2017 2:30:53 PM, Info: Terminating SIMPLSharp Services
5/17/2017 2:30:53 PM, Info: Saving project information...
5/17/2017 2:30:53 PM, Info: Terminating SIMPLSharp Services
5/17/2017 2:30:53 PM, Info: Saving project information...
5/17/2017 2:30:53 PM, Info: Terminating SIMPLSharp Services
